\BOOKMARK [0][-]{chapter.1}{\376\377\0001\000\040\000M\000a\000i\000n\000\040\000P\000a\000g\000e}{}% 1
\BOOKMARK [0][-]{chapter.2}{\376\377\0002\000\040\000M\000o\000d\000u\000l\000e\000\040\000I\000n\000d\000e\000x}{}% 2
\BOOKMARK [1][-]{section.2.1}{\376\377\0002\000.\0001\000\040\000M\000o\000d\000u\000l\000e\000s}{chapter.2}% 3
\BOOKMARK [0][-]{chapter.3}{\376\377\0003\000\040\000D\000a\000t\000a\000\040\000S\000t\000r\000u\000c\000t\000u\000r\000e\000\040\000I\000n\000d\000e\000x}{}% 4
\BOOKMARK [1][-]{section.3.1}{\376\377\0003\000.\0001\000\040\000D\000a\000t\000a\000\040\000S\000t\000r\000u\000c\000t\000u\000r\000e\000s}{chapter.3}% 5
\BOOKMARK [0][-]{chapter.4}{\376\377\0004\000\040\000M\000o\000d\000u\000l\000e\000\040\000D\000o\000c\000u\000m\000e\000n\000t\000a\000t\000i\000o\000n}{}% 6
\BOOKMARK [1][-]{section.4.1}{\376\377\0004\000.\0001\000\040\000M\000a\000e\000s\000t\000r\000o\000\040\000c\000a\000l\000i\000b\000r\000a\000t\000i\000o\000n\000\040\000f\000u\000n\000c\000t\000i\000o\000n\000s}{chapter.4}% 7
\BOOKMARK [2][-]{subsection.4.1.1}{\376\377\0004\000.\0001\000.\0001\000\040\000D\000e\000t\000a\000i\000l\000e\000d\000\040\000D\000e\000s\000c\000r\000i\000p\000t\000i\000o\000n}{section.4.1}% 8
\BOOKMARK [2][-]{subsection.4.1.2}{\376\377\0004\000.\0001\000.\0002\000\040\000F\000u\000n\000c\000t\000i\000o\000n\000\040\000D\000o\000c\000u\000m\000e\000n\000t\000a\000t\000i\000o\000n}{section.4.1}% 9
\BOOKMARK [3][-]{subsubsection.4.1.2.1}{\376\377\0004\000.\0001\000.\0002\000.\0001\000\040\000e\000n\000d\000\137\000p\000r\000o\000x\000i\000m\000a\000l\000\137\000c\000a\000l\000i\000b\000r\000a\000t\000i\000o\000n\000\050\000\051}{subsection.4.1.2}% 10
\BOOKMARK [3][-]{subsubsection.4.1.2.2}{\376\377\0004\000.\0001\000.\0002\000.\0002\000\040\000e\000n\000d\000\137\000t\000h\000u\000m\000b\000\137\000c\000a\000l\000i\000b\000r\000a\000t\000i\000o\000n\000\050\000\051}{subsection.4.1.2}% 11
\BOOKMARK [3][-]{subsubsection.4.1.2.3}{\376\377\0004\000.\0001\000.\0002\000.\0003\000\040\000e\000n\000d\000\137\000w\000r\000i\000s\000t\000\137\000c\000a\000l\000i\000b\000r\000a\000t\000i\000o\000n\000\050\000\051}{subsection.4.1.2}% 12
\BOOKMARK [3][-]{subsubsection.4.1.2.4}{\376\377\0004\000.\0001\000.\0002\000.\0004\000\040\000g\000e\000t\000\137\000c\000a\000l\000i\000b\000r\000a\000t\000i\000o\000n\000\137\000s\000t\000a\000t\000e\000\050\000\051}{subsection.4.1.2}% 13
\BOOKMARK [3][-]{subsubsection.4.1.2.5}{\376\377\0004\000.\0001\000.\0002\000.\0005\000\040\000s\000t\000a\000r\000t\000\137\000p\000r\000o\000x\000i\000m\000a\000l\000\137\000c\000a\000l\000i\000b\000r\000a\000t\000i\000o\000n\000\050\000\051}{subsection.4.1.2}% 14
\BOOKMARK [3][-]{subsubsection.4.1.2.6}{\376\377\0004\000.\0001\000.\0002\000.\0006\000\040\000s\000t\000a\000r\000t\000\137\000t\000h\000u\000m\000b\000\137\000c\000a\000l\000i\000b\000r\000a\000t\000i\000o\000n\000\050\000\051}{subsection.4.1.2}% 15
\BOOKMARK [3][-]{subsubsection.4.1.2.7}{\376\377\0004\000.\0001\000.\0002\000.\0007\000\040\000s\000t\000a\000r\000t\000\137\000w\000r\000i\000s\000t\000\137\000c\000a\000l\000i\000b\000r\000a\000t\000i\000o\000n\000\050\000\051}{subsection.4.1.2}% 16
\BOOKMARK [1][-]{section.4.2}{\376\377\0004\000.\0002\000\040\000G\000l\000o\000v\000e\000\040\000m\000a\000n\000a\000g\000e\000m\000e\000n\000t\000\040\000f\000u\000n\000c\000t\000i\000o\000n\000s}{chapter.4}% 17
\BOOKMARK [2][-]{subsection.4.2.1}{\376\377\0004\000.\0002\000.\0001\000\040\000D\000e\000t\000a\000i\000l\000e\000d\000\040\000D\000e\000s\000c\000r\000i\000p\000t\000i\000o\000n}{section.4.2}% 18
\BOOKMARK [2][-]{subsection.4.2.2}{\376\377\0004\000.\0002\000.\0002\000\040\000F\000u\000n\000c\000t\000i\000o\000n\000\040\000D\000o\000c\000u\000m\000e\000n\000t\000a\000t\000i\000o\000n}{section.4.2}% 19
\BOOKMARK [3][-]{subsubsection.4.2.2.1}{\376\377\0004\000.\0002\000.\0002\000.\0001\000\040\000g\000e\000t\000\137\000g\000l\000o\000v\000e\000\137\000c\000o\000n\000t\000e\000x\000t\000\050\000\051}{subsection.4.2.2}% 20
\BOOKMARK [3][-]{subsubsection.4.2.2.2}{\376\377\0004\000.\0002\000.\0002\000.\0002\000\040\000g\000e\000t\000\137\000l\000e\000f\000t\000\137\000g\000l\000o\000v\000e\000\137\000p\000o\000i\000n\000t\000e\000r\000\050\000\051}{subsection.4.2.2}% 21
\BOOKMARK [3][-]{subsubsection.4.2.2.3}{\376\377\0004\000.\0002\000.\0002\000.\0003\000\040\000g\000e\000t\000\137\000r\000i\000g\000h\000t\000\137\000g\000l\000o\000v\000e\000\137\000p\000o\000i\000n\000t\000e\000r\000\050\000\051}{subsection.4.2.2}% 22
\BOOKMARK [3][-]{subsubsection.4.2.2.4}{\376\377\0004\000.\0002\000.\0002\000.\0004\000\040\000i\000s\000\137\000g\000l\000o\000v\000e\000\137\000c\000o\000n\000n\000e\000c\000t\000e\000d\000\050\000\051}{subsection.4.2.2}% 23
\BOOKMARK [3][-]{subsubsection.4.2.2.5}{\376\377\0004\000.\0002\000.\0002\000.\0005\000\040\000s\000t\000a\000r\000t\000\137\000m\000a\000e\000s\000t\000r\000o\000\137\000d\000e\000t\000e\000c\000t\000i\000o\000n\000\137\000s\000e\000r\000v\000i\000c\000e\000\050\000\051}{subsection.4.2.2}% 24
\BOOKMARK [1][-]{section.4.3}{\376\377\0004\000.\0003\000\040\000H\000a\000n\000d\000\040\000d\000i\000s\000p\000l\000a\000c\000e\000m\000e\000n\000t\000s\000\040\000a\000c\000c\000e\000s\000s\000\040\000f\000u\000n\000c\000t\000i\000o\000n\000s}{chapter.4}% 25
\BOOKMARK [2][-]{subsection.4.3.1}{\376\377\0004\000.\0003\000.\0001\000\040\000D\000e\000t\000a\000i\000l\000e\000d\000\040\000D\000e\000s\000c\000r\000i\000p\000t\000i\000o\000n}{section.4.3}% 26
\BOOKMARK [2][-]{subsection.4.3.2}{\376\377\0004\000.\0003\000.\0002\000\040\000F\000u\000n\000c\000t\000i\000o\000n\000\040\000D\000o\000c\000u\000m\000e\000n\000t\000a\000t\000i\000o\000n}{section.4.3}% 27
\BOOKMARK [3][-]{subsubsection.4.3.2.1}{\376\377\0004\000.\0003\000.\0002\000.\0001\000\040\000g\000e\000t\000\137\000d\000i\000s\000p\000l\000a\000c\000e\000m\000e\000n\000t\000\137\000c\000o\000n\000t\000e\000x\000t\000\050\000\051}{subsection.4.3.2}% 28
\BOOKMARK [3][-]{subsubsection.4.3.2.2}{\376\377\0004\000.\0003\000.\0002\000.\0002\000\040\000g\000e\000t\000\137\000i\000n\000d\000e\000x\000\137\000d\000i\000s\000t\000a\000l\000\137\000d\000i\000s\000p\000l\000a\000c\000e\000m\000e\000n\000t\000\050\000\051}{subsection.4.3.2}% 29
\BOOKMARK [3][-]{subsubsection.4.3.2.3}{\376\377\0004\000.\0003\000.\0002\000.\0003\000\040\000g\000e\000t\000\137\000i\000n\000d\000e\000x\000\137\000p\000r\000o\000x\000i\000m\000a\000l\000\137\000d\000i\000s\000p\000l\000a\000c\000e\000m\000e\000n\000t\000\050\000\051}{subsection.4.3.2}% 30
\BOOKMARK [3][-]{subsubsection.4.3.2.4}{\376\377\0004\000.\0003\000.\0002\000.\0004\000\040\000g\000e\000t\000\137\000l\000i\000t\000t\000l\000e\000\137\000d\000i\000s\000t\000a\000l\000\137\000d\000i\000s\000p\000l\000a\000c\000e\000m\000e\000n\000t\000\050\000\051}{subsection.4.3.2}% 31
\BOOKMARK [3][-]{subsubsection.4.3.2.5}{\376\377\0004\000.\0003\000.\0002\000.\0005\000\040\000g\000e\000t\000\137\000l\000i\000t\000t\000l\000e\000\137\000p\000r\000o\000x\000i\000m\000a\000l\000\137\000d\000i\000s\000p\000l\000a\000c\000e\000m\000e\000n\000t\000\050\000\051}{subsection.4.3.2}% 32
\BOOKMARK [3][-]{subsubsection.4.3.2.6}{\376\377\0004\000.\0003\000.\0002\000.\0006\000\040\000g\000e\000t\000\137\000m\000i\000d\000d\000l\000e\000\137\000d\000i\000s\000t\000a\000l\000\137\000d\000i\000s\000p\000l\000a\000c\000e\000m\000e\000n\000t\000\050\000\051}{subsection.4.3.2}% 33
\BOOKMARK [3][-]{subsubsection.4.3.2.7}{\376\377\0004\000.\0003\000.\0002\000.\0007\000\040\000g\000e\000t\000\137\000m\000i\000d\000d\000l\000e\000\137\000p\000r\000o\000x\000i\000m\000a\000l\000\137\000d\000i\000s\000p\000l\000a\000c\000e\000m\000e\000n\000t\000\050\000\051}{subsection.4.3.2}% 34
\BOOKMARK [3][-]{subsubsection.4.3.2.8}{\376\377\0004\000.\0003\000.\0002\000.\0008\000\040\000g\000e\000t\000\137\000r\000i\000n\000g\000\137\000d\000i\000s\000t\000a\000l\000\137\000d\000i\000s\000p\000l\000a\000c\000e\000m\000e\000n\000t\000\050\000\051}{subsection.4.3.2}% 35
\BOOKMARK [3][-]{subsubsection.4.3.2.9}{\376\377\0004\000.\0003\000.\0002\000.\0009\000\040\000g\000e\000t\000\137\000r\000i\000n\000g\000\137\000p\000r\000o\000x\000i\000m\000a\000l\000\137\000d\000i\000s\000p\000l\000a\000c\000e\000m\000e\000n\000t\000\050\000\051}{subsection.4.3.2}% 36
\BOOKMARK [3][-]{subsubsection.4.3.2.10}{\376\377\0004\000.\0003\000.\0002\000.\0001\0000\000\040\000g\000e\000t\000\137\000t\000h\000u\000m\000b\000\137\000a\000b\000d\000u\000c\000t\000i\000o\000n\000\137\000d\000i\000s\000p\000l\000a\000c\000e\000m\000e\000n\000t\000\050\000\051}{subsection.4.3.2}% 37
\BOOKMARK [3][-]{subsubsection.4.3.2.11}{\376\377\0004\000.\0003\000.\0002\000.\0001\0001\000\040\000g\000e\000t\000\137\000t\000h\000u\000m\000b\000\137\000d\000i\000s\000t\000a\000l\000\137\000d\000i\000s\000p\000l\000a\000c\000e\000m\000e\000n\000t\000\050\000\051}{subsection.4.3.2}% 38
\BOOKMARK [3][-]{subsubsection.4.3.2.12}{\376\377\0004\000.\0003\000.\0002\000.\0001\0002\000\040\000g\000e\000t\000\137\000t\000h\000u\000m\000b\000\137\000p\000r\000o\000x\000i\000m\000a\000l\000\137\000d\000i\000s\000p\000l\000a\000c\000e\000m\000e\000n\000t\000\050\000\051}{subsection.4.3.2}% 39
\BOOKMARK [3][-]{subsubsection.4.3.2.13}{\376\377\0004\000.\0003\000.\0002\000.\0001\0003\000\040\000g\000e\000t\000\137\000w\000r\000i\000s\000t\000\137\000p\000r\000o\000x\000i\000m\000a\000l\000\137\000d\000i\000s\000p\000l\000a\000c\000e\000m\000e\000n\000t\000\050\000\051}{subsection.4.3.2}% 40
\BOOKMARK [1][-]{section.4.4}{\376\377\0004\000.\0004\000\040\000H\000a\000n\000d\000\040\000r\000o\000t\000a\000t\000i\000o\000n\000s\000\040\000a\000c\000c\000e\000s\000s\000\040\000f\000u\000n\000c\000t\000i\000o\000n\000s}{chapter.4}% 41
\BOOKMARK [2][-]{subsection.4.4.1}{\376\377\0004\000.\0004\000.\0001\000\040\000D\000e\000t\000a\000i\000l\000e\000d\000\040\000D\000e\000s\000c\000r\000i\000p\000t\000i\000o\000n}{section.4.4}% 42
\BOOKMARK [2][-]{subsection.4.4.2}{\376\377\0004\000.\0004\000.\0002\000\040\000F\000u\000n\000c\000t\000i\000o\000n\000\040\000D\000o\000c\000u\000m\000e\000n\000t\000a\000t\000i\000o\000n}{section.4.4}% 43
\BOOKMARK [3][-]{subsubsection.4.4.2.1}{\376\377\0004\000.\0004\000.\0002\000.\0001\000\040\000g\000e\000t\000\137\000i\000n\000d\000e\000x\000\137\000d\000i\000s\000t\000a\000l\000\137\000r\000o\000t\000a\000t\000i\000o\000n\000\050\000\051}{subsection.4.4.2}% 44
\BOOKMARK [3][-]{subsubsection.4.4.2.2}{\376\377\0004\000.\0004\000.\0002\000.\0002\000\040\000g\000e\000t\000\137\000i\000n\000d\000e\000x\000\137\000p\000r\000o\000x\000i\000m\000a\000l\000\137\000r\000o\000t\000a\000t\000i\000o\000n\000\050\000\051}{subsection.4.4.2}% 45
\BOOKMARK [3][-]{subsubsection.4.4.2.3}{\376\377\0004\000.\0004\000.\0002\000.\0003\000\040\000g\000e\000t\000\137\000i\000n\000d\000e\000x\000\137\000p\000r\000o\000x\000i\000m\000a\000l\000\137\000r\000o\000t\000a\000t\000i\000o\000n\000\137\000r\000a\000t\000i\000o\000\050\000\051}{subsection.4.4.2}% 46
\BOOKMARK [3][-]{subsubsection.4.4.2.4}{\376\377\0004\000.\0004\000.\0002\000.\0004\000\040\000g\000e\000t\000\137\000l\000i\000t\000t\000l\000e\000\137\000d\000i\000s\000t\000a\000l\000\137\000r\000o\000t\000a\000t\000i\000o\000n\000\050\000\051}{subsection.4.4.2}% 47
\BOOKMARK [3][-]{subsubsection.4.4.2.5}{\376\377\0004\000.\0004\000.\0002\000.\0005\000\040\000g\000e\000t\000\137\000l\000i\000t\000t\000l\000e\000\137\000p\000r\000o\000x\000i\000m\000a\000l\000\137\000r\000o\000t\000a\000t\000i\000o\000n\000\050\000\051}{subsection.4.4.2}% 48
\BOOKMARK [3][-]{subsubsection.4.4.2.6}{\376\377\0004\000.\0004\000.\0002\000.\0006\000\040\000g\000e\000t\000\137\000l\000i\000t\000t\000l\000e\000\137\000p\000r\000o\000x\000i\000m\000a\000l\000\137\000r\000o\000t\000a\000t\000i\000o\000n\000\137\000r\000a\000t\000i\000o\000\050\000\051}{subsection.4.4.2}% 49
\BOOKMARK [3][-]{subsubsection.4.4.2.7}{\376\377\0004\000.\0004\000.\0002\000.\0007\000\040\000g\000e\000t\000\137\000m\000i\000d\000d\000l\000e\000\137\000d\000i\000s\000t\000a\000l\000\137\000r\000o\000t\000a\000t\000i\000o\000n\000\050\000\051}{subsection.4.4.2}% 50
\BOOKMARK [3][-]{subsubsection.4.4.2.8}{\376\377\0004\000.\0004\000.\0002\000.\0008\000\040\000g\000e\000t\000\137\000m\000i\000d\000d\000l\000e\000\137\000p\000r\000o\000x\000i\000m\000a\000l\000\137\000r\000o\000t\000a\000t\000i\000o\000n\000\050\000\051}{subsection.4.4.2}% 51
\BOOKMARK [3][-]{subsubsection.4.4.2.9}{\376\377\0004\000.\0004\000.\0002\000.\0009\000\040\000g\000e\000t\000\137\000m\000i\000d\000d\000l\000e\000\137\000p\000r\000o\000x\000i\000m\000a\000l\000\137\000r\000o\000t\000a\000t\000i\000o\000n\000\137\000r\000a\000t\000i\000o\000\050\000\051}{subsection.4.4.2}% 52
\BOOKMARK [3][-]{subsubsection.4.4.2.10}{\376\377\0004\000.\0004\000.\0002\000.\0001\0000\000\040\000g\000e\000t\000\137\000r\000i\000n\000g\000\137\000d\000i\000s\000t\000a\000l\000\137\000r\000o\000t\000a\000t\000i\000o\000n\000\050\000\051}{subsection.4.4.2}% 53
\BOOKMARK [3][-]{subsubsection.4.4.2.11}{\376\377\0004\000.\0004\000.\0002\000.\0001\0001\000\040\000g\000e\000t\000\137\000r\000i\000n\000g\000\137\000p\000r\000o\000x\000i\000m\000a\000l\000\137\000r\000o\000t\000a\000t\000i\000o\000n\000\050\000\051}{subsection.4.4.2}% 54
\BOOKMARK [3][-]{subsubsection.4.4.2.12}{\376\377\0004\000.\0004\000.\0002\000.\0001\0002\000\040\000g\000e\000t\000\137\000r\000i\000n\000g\000\137\000p\000r\000o\000x\000i\000m\000a\000l\000\137\000r\000o\000t\000a\000t\000i\000o\000n\000\137\000r\000a\000t\000i\000o\000\050\000\051}{subsection.4.4.2}% 55
\BOOKMARK [3][-]{subsubsection.4.4.2.13}{\376\377\0004\000.\0004\000.\0002\000.\0001\0003\000\040\000g\000e\000t\000\137\000r\000o\000t\000a\000t\000i\000o\000n\000\137\000c\000o\000n\000t\000e\000x\000t\000\050\000\051}{subsection.4.4.2}% 56
\BOOKMARK [3][-]{subsubsection.4.4.2.14}{\376\377\0004\000.\0004\000.\0002\000.\0001\0004\000\040\000g\000e\000t\000\137\000t\000h\000u\000m\000b\000\137\000a\000b\000d\000u\000c\000t\000i\000o\000n\000\137\000r\000o\000t\000a\000t\000i\000o\000n\000\050\000\051}{subsection.4.4.2}% 57
\BOOKMARK [3][-]{subsubsection.4.4.2.15}{\376\377\0004\000.\0004\000.\0002\000.\0001\0005\000\040\000g\000e\000t\000\137\000t\000h\000u\000m\000b\000\137\000d\000i\000s\000t\000a\000l\000\137\000r\000o\000t\000a\000t\000i\000o\000n\000\050\000\051}{subsection.4.4.2}% 58
\BOOKMARK [3][-]{subsubsection.4.4.2.16}{\376\377\0004\000.\0004\000.\0002\000.\0001\0006\000\040\000g\000e\000t\000\137\000t\000h\000u\000m\000b\000\137\000p\000r\000o\000x\000i\000m\000a\000l\000\137\000r\000o\000t\000a\000t\000i\000o\000n\000\050\000\051}{subsection.4.4.2}% 59
\BOOKMARK [3][-]{subsubsection.4.4.2.17}{\376\377\0004\000.\0004\000.\0002\000.\0001\0007\000\040\000g\000e\000t\000\137\000t\000h\000u\000m\000b\000\137\000p\000r\000o\000x\000i\000m\000a\000l\000\137\000r\000o\000t\000a\000t\000i\000o\000n\000\137\000r\000a\000t\000i\000o\000\050\000\051}{subsection.4.4.2}% 60
\BOOKMARK [3][-]{subsubsection.4.4.2.18}{\376\377\0004\000.\0004\000.\0002\000.\0001\0008\000\040\000g\000e\000t\000\137\000w\000r\000i\000s\000t\000\137\000p\000r\000o\000x\000i\000m\000a\000l\000\137\000r\000o\000t\000a\000t\000i\000o\000n\000\050\000\051}{subsection.4.4.2}% 61
\BOOKMARK [1][-]{section.4.5}{\376\377\0004\000.\0005\000\040\000H\000a\000p\000t\000i\000c\000\040\000c\000o\000n\000t\000r\000o\000l\000\040\000f\000u\000n\000c\000t\000i\000o\000n\000s}{chapter.4}% 62
\BOOKMARK [2][-]{subsection.4.5.1}{\376\377\0004\000.\0005\000.\0001\000\040\000D\000e\000t\000a\000i\000l\000e\000d\000\040\000D\000e\000s\000c\000r\000i\000p\000t\000i\000o\000n}{section.4.5}% 63
\BOOKMARK [1][-]{section.4.6}{\376\377\0004\000.\0006\000\040\000V\000i\000b\000r\000a\000t\000i\000o\000n\000\040\000c\000o\000n\000t\000r\000o\000l\000\040\000f\000u\000n\000c\000t\000i\000o\000n\000s}{chapter.4}% 64
\BOOKMARK [2][-]{subsection.4.6.1}{\376\377\0004\000.\0006\000.\0001\000\040\000D\000e\000t\000a\000i\000l\000e\000d\000\040\000D\000e\000s\000c\000r\000i\000p\000t\000i\000o\000n}{section.4.6}% 65
\BOOKMARK [2][-]{subsection.4.6.2}{\376\377\0004\000.\0006\000.\0002\000\040\000F\000u\000n\000c\000t\000i\000o\000n\000\040\000D\000o\000c\000u\000m\000e\000n\000t\000a\000t\000i\000o\000n}{section.4.6}% 66
\BOOKMARK [3][-]{subsubsection.4.6.2.1}{\376\377\0004\000.\0006\000.\0002\000.\0001\000\040\000g\000e\000t\000\137\000i\000n\000d\000e\000x\000\137\000v\000i\000b\000r\000a\000t\000i\000o\000n\000\137\000e\000f\000f\000e\000c\000t\000\050\000\051}{subsection.4.6.2}% 67
\BOOKMARK [3][-]{subsubsection.4.6.2.2}{\376\377\0004\000.\0006\000.\0002\000.\0002\000\040\000g\000e\000t\000\137\000l\000i\000t\000t\000l\000e\000\137\000v\000i\000b\000r\000a\000t\000i\000o\000n\000\137\000e\000f\000f\000e\000c\000t\000\050\000\051}{subsection.4.6.2}% 68
\BOOKMARK [3][-]{subsubsection.4.6.2.3}{\376\377\0004\000.\0006\000.\0002\000.\0003\000\040\000g\000e\000t\000\137\000m\000i\000d\000d\000l\000e\000\137\000v\000i\000b\000r\000a\000t\000i\000o\000n\000\137\000e\000f\000f\000e\000c\000t\000\050\000\051}{subsection.4.6.2}% 69
\BOOKMARK [3][-]{subsubsection.4.6.2.4}{\376\377\0004\000.\0006\000.\0002\000.\0004\000\040\000g\000e\000t\000\137\000r\000i\000n\000g\000\137\000v\000i\000b\000r\000a\000t\000i\000o\000n\000\137\000e\000f\000f\000e\000c\000t\000\050\000\051}{subsection.4.6.2}% 70
\BOOKMARK [3][-]{subsubsection.4.6.2.5}{\376\377\0004\000.\0006\000.\0002\000.\0005\000\040\000g\000e\000t\000\137\000t\000h\000u\000m\000b\000\137\000v\000i\000b\000r\000a\000t\000i\000o\000n\000\137\000e\000f\000f\000e\000c\000t\000\050\000\051}{subsection.4.6.2}% 71
\BOOKMARK [3][-]{subsubsection.4.6.2.6}{\376\377\0004\000.\0006\000.\0002\000.\0006\000\040\000g\000e\000t\000\137\000v\000i\000b\000r\000a\000t\000i\000o\000n\000\137\000c\000o\000n\000t\000e\000x\000t\000\050\000\051}{subsection.4.6.2}% 72
\BOOKMARK [3][-]{subsubsection.4.6.2.7}{\376\377\0004\000.\0006\000.\0002\000.\0007\000\040\000s\000e\000t\000\137\000i\000n\000d\000e\000x\000\137\000v\000i\000b\000r\000a\000t\000i\000o\000n\000\137\000e\000f\000f\000e\000c\000t\000\050\000\051}{subsection.4.6.2}% 73
\BOOKMARK [3][-]{subsubsection.4.6.2.8}{\376\377\0004\000.\0006\000.\0002\000.\0008\000\040\000s\000e\000t\000\137\000l\000i\000t\000t\000l\000e\000\137\000v\000i\000b\000r\000a\000t\000i\000o\000n\000\137\000e\000f\000f\000e\000c\000t\000\050\000\051}{subsection.4.6.2}% 74
\BOOKMARK [3][-]{subsubsection.4.6.2.9}{\376\377\0004\000.\0006\000.\0002\000.\0009\000\040\000s\000e\000t\000\137\000m\000i\000d\000d\000l\000e\000\137\000v\000i\000b\000r\000a\000t\000i\000o\000n\000\137\000e\000f\000f\000e\000c\000t\000\050\000\051}{subsection.4.6.2}% 75
\BOOKMARK [3][-]{subsubsection.4.6.2.10}{\376\377\0004\000.\0006\000.\0002\000.\0001\0000\000\040\000s\000e\000t\000\137\000r\000i\000n\000g\000\137\000v\000i\000b\000r\000a\000t\000i\000o\000n\000\137\000e\000f\000f\000e\000c\000t\000\050\000\051}{subsection.4.6.2}% 76
\BOOKMARK [3][-]{subsubsection.4.6.2.11}{\376\377\0004\000.\0006\000.\0002\000.\0001\0001\000\040\000s\000e\000t\000\137\000t\000h\000u\000m\000b\000\137\000v\000i\000b\000r\000a\000t\000i\000o\000n\000\137\000e\000f\000f\000e\000c\000t\000\050\000\051}{subsection.4.6.2}% 77
\BOOKMARK [1][-]{section.4.7}{\376\377\0004\000.\0007\000\040\000F\000o\000r\000c\000e\000-\000f\000e\000e\000d\000b\000a\000c\000k\000\040\000c\000o\000n\000t\000r\000o\000l\000\040\000f\000u\000n\000c\000t\000i\000o\000n\000s}{chapter.4}% 78
\BOOKMARK [2][-]{subsection.4.7.1}{\376\377\0004\000.\0007\000.\0001\000\040\000D\000e\000t\000a\000i\000l\000e\000d\000\040\000D\000e\000s\000c\000r\000i\000p\000t\000i\000o\000n}{section.4.7}% 79
\BOOKMARK [2][-]{subsection.4.7.2}{\376\377\0004\000.\0007\000.\0002\000\040\000F\000u\000n\000c\000t\000i\000o\000n\000\040\000D\000o\000c\000u\000m\000e\000n\000t\000a\000t\000i\000o\000n}{section.4.7}% 80
\BOOKMARK [3][-]{subsubsection.4.7.2.1}{\376\377\0004\000.\0007\000.\0002\000.\0001\000\040\000g\000e\000t\000\137\000d\000e\000f\000a\000u\000l\000t\000\137\000m\000o\000t\000o\000r\000\137\000a\000m\000p\000l\000i\000t\000u\000d\000e\000\050\000\051}{subsection.4.7.2}% 81
\BOOKMARK [3][-]{subsubsection.4.7.2.2}{\376\377\0004\000.\0007\000.\0002\000.\0002\000\040\000g\000e\000t\000\137\000f\000o\000r\000c\000e\000\137\000f\000e\000e\000d\000b\000a\000c\000k\000\137\000c\000o\000n\000t\000e\000x\000t\000\050\000\051}{subsection.4.7.2}% 82
\BOOKMARK [3][-]{subsubsection.4.7.2.3}{\376\377\0004\000.\0007\000.\0002\000.\0003\000\040\000g\000e\000t\000\137\000i\000n\000d\000e\000x\000\137\000m\000o\000t\000o\000r\000\137\000a\000m\000p\000l\000i\000t\000u\000d\000e\000\050\000\051}{subsection.4.7.2}% 83
\BOOKMARK [3][-]{subsubsection.4.7.2.4}{\376\377\0004\000.\0007\000.\0002\000.\0004\000\040\000g\000e\000t\000\137\000l\000i\000t\000t\000l\000e\000\137\000m\000o\000t\000o\000r\000\137\000a\000m\000p\000l\000i\000t\000u\000d\000e\000\050\000\051}{subsection.4.7.2}% 84
\BOOKMARK [3][-]{subsubsection.4.7.2.5}{\376\377\0004\000.\0007\000.\0002\000.\0005\000\040\000g\000e\000t\000\137\000m\000a\000x\000\137\000m\000o\000t\000o\000r\000\137\000a\000m\000p\000l\000i\000t\000u\000d\000e\000\050\000\051}{subsection.4.7.2}% 85
\BOOKMARK [3][-]{subsubsection.4.7.2.6}{\376\377\0004\000.\0007\000.\0002\000.\0006\000\040\000g\000e\000t\000\137\000m\000i\000d\000d\000l\000e\000\137\000m\000o\000t\000o\000r\000\137\000a\000m\000p\000l\000i\000t\000u\000d\000e\000\050\000\051}{subsection.4.7.2}% 86
\BOOKMARK [3][-]{subsubsection.4.7.2.7}{\376\377\0004\000.\0007\000.\0002\000.\0007\000\040\000g\000e\000t\000\137\000r\000i\000n\000g\000\137\000m\000o\000t\000o\000r\000\137\000a\000m\000p\000l\000i\000t\000u\000d\000e\000\050\000\051}{subsection.4.7.2}% 87
\BOOKMARK [3][-]{subsubsection.4.7.2.8}{\376\377\0004\000.\0007\000.\0002\000.\0008\000\040\000g\000e\000t\000\137\000t\000h\000u\000m\000b\000\137\000m\000o\000t\000o\000r\000\137\000a\000m\000p\000l\000i\000t\000u\000d\000e\000\050\000\051}{subsection.4.7.2}% 88
\BOOKMARK [3][-]{subsubsection.4.7.2.9}{\376\377\0004\000.\0007\000.\0002\000.\0009\000\040\000s\000e\000t\000\137\000i\000n\000d\000e\000x\000\137\000m\000o\000t\000o\000r\000\137\000a\000m\000p\000l\000i\000t\000u\000d\000e\000\050\000\051}{subsection.4.7.2}% 89
\BOOKMARK [3][-]{subsubsection.4.7.2.10}{\376\377\0004\000.\0007\000.\0002\000.\0001\0000\000\040\000s\000e\000t\000\137\000l\000i\000t\000t\000l\000e\000\137\000m\000o\000t\000o\000r\000\137\000a\000m\000p\000l\000i\000t\000u\000d\000e\000\050\000\051}{subsection.4.7.2}% 90
\BOOKMARK [3][-]{subsubsection.4.7.2.11}{\376\377\0004\000.\0007\000.\0002\000.\0001\0001\000\040\000s\000e\000t\000\137\000m\000i\000d\000d\000l\000e\000\137\000m\000o\000t\000o\000r\000\137\000a\000m\000p\000l\000i\000t\000u\000d\000e\000\050\000\051}{subsection.4.7.2}% 91
\BOOKMARK [3][-]{subsubsection.4.7.2.12}{\376\377\0004\000.\0007\000.\0002\000.\0001\0002\000\040\000s\000e\000t\000\137\000r\000i\000n\000g\000\137\000m\000o\000t\000o\000r\000\137\000a\000m\000p\000l\000i\000t\000u\000d\000e\000\050\000\051}{subsection.4.7.2}% 92
\BOOKMARK [3][-]{subsubsection.4.7.2.13}{\376\377\0004\000.\0007\000.\0002\000.\0001\0003\000\040\000s\000e\000t\000\137\000t\000h\000u\000m\000b\000\137\000m\000o\000t\000o\000r\000\137\000a\000m\000p\000l\000i\000t\000u\000d\000e\000\050\000\051}{subsection.4.7.2}% 93
\BOOKMARK [0][-]{chapter.5}{\376\377\0005\000\040\000D\000a\000t\000a\000\040\000S\000t\000r\000u\000c\000t\000u\000r\000e\000\040\000D\000o\000c\000u\000m\000e\000n\000t\000a\000t\000i\000o\000n}{}% 94
\BOOKMARK [1][-]{section.5.1}{\376\377\0005\000.\0001\000\040\000C\000a\000l\000i\000b\000r\000a\000t\000i\000o\000n\000S\000t\000a\000t\000e\000\040\000S\000t\000r\000u\000c\000t\000\040\000R\000e\000f\000e\000r\000e\000n\000c\000e}{chapter.5}% 95
\BOOKMARK [2][-]{subsection.5.1.1}{\376\377\0005\000.\0001\000.\0001\000\040\000D\000e\000t\000a\000i\000l\000e\000d\000\040\000D\000e\000s\000c\000r\000i\000p\000t\000i\000o\000n}{section.5.1}% 96
\BOOKMARK [1][-]{section.5.2}{\376\377\0005\000.\0002\000\040\000D\000i\000s\000p\000l\000a\000c\000e\000m\000e\000n\000t\000C\000o\000n\000t\000e\000x\000t\000\040\000S\000t\000r\000u\000c\000t\000\040\000R\000e\000f\000e\000r\000e\000n\000c\000e}{chapter.5}% 97
\BOOKMARK [2][-]{subsection.5.2.1}{\376\377\0005\000.\0002\000.\0001\000\040\000D\000e\000t\000a\000i\000l\000e\000d\000\040\000D\000e\000s\000c\000r\000i\000p\000t\000i\000o\000n}{section.5.2}% 98
\BOOKMARK [1][-]{section.5.3}{\376\377\0005\000.\0003\000\040\000F\000o\000r\000c\000e\000F\000e\000e\000d\000b\000a\000c\000k\000C\000o\000n\000t\000e\000x\000t\000\040\000S\000t\000r\000u\000c\000t\000\040\000R\000e\000f\000e\000r\000e\000n\000c\000e}{chapter.5}% 99
\BOOKMARK [2][-]{subsection.5.3.1}{\376\377\0005\000.\0003\000.\0001\000\040\000D\000e\000t\000a\000i\000l\000e\000d\000\040\000D\000e\000s\000c\000r\000i\000p\000t\000i\000o\000n}{section.5.3}% 100
\BOOKMARK [1][-]{section.5.4}{\376\377\0005\000.\0004\000\040\000M\000a\000e\000s\000t\000r\000o\000G\000l\000o\000v\000e\000C\000o\000n\000t\000e\000x\000t\000\040\000S\000t\000r\000u\000c\000t\000\040\000R\000e\000f\000e\000r\000e\000n\000c\000e}{chapter.5}% 101
\BOOKMARK [2][-]{subsection.5.4.1}{\376\377\0005\000.\0004\000.\0001\000\040\000D\000e\000t\000a\000i\000l\000e\000d\000\040\000D\000e\000s\000c\000r\000i\000p\000t\000i\000o\000n}{section.5.4}% 102
\BOOKMARK [1][-]{section.5.5}{\376\377\0005\000.\0005\000\040\000R\000o\000t\000a\000t\000i\000o\000n\000C\000o\000n\000t\000e\000x\000t\000\040\000S\000t\000r\000u\000c\000t\000\040\000R\000e\000f\000e\000r\000e\000n\000c\000e}{chapter.5}% 103
\BOOKMARK [2][-]{subsection.5.5.1}{\376\377\0005\000.\0005\000.\0001\000\040\000D\000e\000t\000a\000i\000l\000e\000d\000\040\000D\000e\000s\000c\000r\000i\000p\000t\000i\000o\000n}{section.5.5}% 104
\BOOKMARK [1][-]{section.5.6}{\376\377\0005\000.\0006\000\040\000V\000i\000b\000r\000a\000t\000i\000o\000n\000C\000o\000n\000t\000e\000x\000t\000\040\000S\000t\000r\000u\000c\000t\000\040\000R\000e\000f\000e\000r\000e\000n\000c\000e}{chapter.5}% 105
\BOOKMARK [2][-]{subsection.5.6.1}{\376\377\0005\000.\0006\000.\0001\000\040\000D\000e\000t\000a\000i\000l\000e\000d\000\040\000D\000e\000s\000c\000r\000i\000p\000t\000i\000o\000n}{section.5.6}% 106
\BOOKMARK [0][-]{section*.24}{\376\377\000I\000n\000d\000e\000x}{}% 107
